2025-04-30 10:12:11,108 - INFO - Démarrage du processus d'import Akanea
2025-04-30 10:12:11,108 - INFO - Début de la connexion au bureau à distance
2025-04-30 10:12:32,858 - INFO - Connexion au bureau à distance réussie
2025-04-30 10:12:32,858 - INFO - Ouverture de l'application Akanea
2025-04-30 10:13:05,708 - INFO - Application Akanea ouverte avec succès
2025-04-30 10:13:05,708 - INFO - Attente de l'image d'Akanea
2025-04-30 10:13:05,708 - INFO - Recherche de l'image: C:\Users\acoulibaly\Desktop\import_akanea\valid_img\AKANEA.PNG
2025-04-30 10:13:06,327 - INFO - recherche en cours
2025-04-30 10:13:07,879 - INFO - recherche en cours
2025-04-30 10:13:09,430 - INFO - recherche en cours
2025-04-30 10:13:10,985 - INFO - recherche en cours
2025-04-30 10:13:12,559 - INFO - recherche en cours
2025-04-30 10:13:14,114 - INFO - recherche en cours
2025-04-30 10:13:15,682 - INFO - recherche en cours
2025-04-30 10:13:17,256 - INFO - recherche en cours
2025-04-30 10:13:18,813 - INFO - recherche en cours
2025-04-30 10:13:20,367 - INFO - recherche en cours
2025-04-30 10:13:21,931 - INFO - recherche en cours
2025-04-30 10:13:23,499 - INFO - recherche en cours
2025-04-30 10:13:25,083 - INFO - recherche en cours
2025-04-30 10:13:26,629 - INFO - recherche en cours
2025-04-30 10:13:28,052 - INFO - recherche en cours
2025-04-30 10:13:29,526 - INFO - recherche en cours
2025-04-30 10:13:31,098 - INFO - recherche en cours
2025-04-30 10:13:32,678 - INFO - recherche en cours
2025-04-30 10:13:34,233 - INFO - recherche en cours
2025-04-30 10:13:35,842 - INFO - recherche en cours
2025-04-30 10:13:37,405 - INFO - recherche en cours
2025-04-30 10:13:38,966 - INFO - recherche en cours
2025-04-30 10:13:40,558 - INFO - recherche en cours
2025-04-30 10:13:42,117 - INFO - recherche en cours
2025-04-30 10:13:43,683 - INFO - recherche en cours
2025-04-30 10:13:45,276 - INFO - recherche en cours
2025-04-30 10:13:46,839 - INFO - recherche en cours
2025-04-30 10:13:48,405 - INFO - recherche en cours
2025-04-30 10:13:49,863 - INFO - recherche en cours
2025-04-30 10:13:51,287 - INFO - recherche en cours
