2025-04-30 09:12:56,309 - INFO - Démarrage du processus d'import Akanea
2025-04-30 09:12:56,309 - INFO - Début de la connexion au bureau à distance
2025-04-30 09:13:18,062 - INFO - Connexion au bureau à distance réussie
2025-04-30 09:13:18,063 - INFO - Attente de l'image du bureau
2025-04-30 09:13:18,063 - INFO - Recherche de l'image: C:\Users\acoulibaly\Desktop\import_akanea\valid_img\Bureau.PNG
2025-04-30 09:13:18,455 - WARNING - Erreur lors de la recherche de l'image C:\Users\acoulibaly\Desktop\import_akanea\valid_img\Bureau.PNG: 
2025-04-30 09:13:19,798 - WARNING - Erreur lors de la recherche de l'image C:\Users\acoulibaly\Desktop\import_akanea\valid_img\Bureau.PNG: 
2025-04-30 09:13:21,138 - WARNING - Erreur lors de la recherche de l'image C:\Users\acoulibaly\Desktop\import_akanea\valid_img\Bureau.PNG: 
2025-04-30 09:13:22,481 - WARNING - Erreur lors de la recherche de l'image C:\Users\acoulibaly\Desktop\import_akanea\valid_img\Bureau.PNG: 
2025-04-30 09:13:23,814 - WARNING - Erreur lors de la recherche de l'image C:\Users\acoulibaly\Desktop\import_akanea\valid_img\Bureau.PNG: 
2025-04-30 09:13:25,153 - WARNING - Erreur lors de la recherche de l'image C:\Users\acoulibaly\Desktop\import_akanea\valid_img\Bureau.PNG: 
2025-04-30 09:13:26,502 - WARNING - Erreur lors de la recherche de l'image C:\Users\acoulibaly\Desktop\import_akanea\valid_img\Bureau.PNG: 
2025-04-30 09:13:27,845 - WARNING - Erreur lors de la recherche de l'image C:\Users\acoulibaly\Desktop\import_akanea\valid_img\Bureau.PNG: 
2025-04-30 09:13:29,243 - WARNING - Erreur lors de la recherche de l'image C:\Users\acoulibaly\Desktop\import_akanea\valid_img\Bureau.PNG: 
2025-04-30 09:13:30,582 - WARNING - Erreur lors de la recherche de l'image C:\Users\acoulibaly\Desktop\import_akanea\valid_img\Bureau.PNG: 
2025-04-30 09:13:31,917 - WARNING - Erreur lors de la recherche de l'image C:\Users\acoulibaly\Desktop\import_akanea\valid_img\Bureau.PNG: 
2025-04-30 09:13:33,249 - WARNING - Erreur lors de la recherche de l'image C:\Users\acoulibaly\Desktop\import_akanea\valid_img\Bureau.PNG: 
2025-04-30 09:13:34,581 - WARNING - Erreur lors de la recherche de l'image C:\Users\acoulibaly\Desktop\import_akanea\valid_img\Bureau.PNG: 
2025-04-30 09:13:35,913 - WARNING - Erreur lors de la recherche de l'image C:\Users\acoulibaly\Desktop\import_akanea\valid_img\Bureau.PNG: 
2025-04-30 09:13:37,286 - WARNING - Erreur lors de la recherche de l'image C:\Users\acoulibaly\Desktop\import_akanea\valid_img\Bureau.PNG: 
2025-04-30 09:13:38,632 - WARNING - Erreur lors de la recherche de l'image C:\Users\acoulibaly\Desktop\import_akanea\valid_img\Bureau.PNG: 
2025-04-30 09:13:39,963 - WARNING - Erreur lors de la recherche de l'image C:\Users\acoulibaly\Desktop\import_akanea\valid_img\Bureau.PNG: 
2025-04-30 09:13:41,318 - WARNING - Erreur lors de la recherche de l'image C:\Users\acoulibaly\Desktop\import_akanea\valid_img\Bureau.PNG: 
2025-04-30 09:13:42,666 - WARNING - Erreur lors de la recherche de l'image C:\Users\acoulibaly\Desktop\import_akanea\valid_img\Bureau.PNG: 
2025-04-30 09:13:44,028 - WARNING - Erreur lors de la recherche de l'image C:\Users\acoulibaly\Desktop\import_akanea\valid_img\Bureau.PNG: 
2025-04-30 09:13:45,364 - WARNING - Erreur lors de la recherche de l'image C:\Users\acoulibaly\Desktop\import_akanea\valid_img\Bureau.PNG: 
2025-04-30 09:13:46,711 - WARNING - Erreur lors de la recherche de l'image C:\Users\acoulibaly\Desktop\import_akanea\valid_img\Bureau.PNG: 
2025-04-30 09:13:48,054 - WARNING - Erreur lors de la recherche de l'image C:\Users\acoulibaly\Desktop\import_akanea\valid_img\Bureau.PNG: 
2025-04-30 09:13:49,394 - WARNING - Erreur lors de la recherche de l'image C:\Users\acoulibaly\Desktop\import_akanea\valid_img\Bureau.PNG: 
2025-04-30 09:13:50,753 - WARNING - Erreur lors de la recherche de l'image C:\Users\acoulibaly\Desktop\import_akanea\valid_img\Bureau.PNG: 
